TEST NUMBER 1
STEMMING: True
CASE-FOLDING: True
REMOVE-STOPWORDS: True
CLF = NAIVE BAYES DEFAULT
FEATURE = BINARY

GENRE: Sertanejo
TP = 561
TN = 1994
FP = 650
FN = 100
ACCURACY = 0.773071104387
PRECISION = 0.463253509496
RECALL = 0.848714069592
F-MEASURE = 0.599358974359

GENRE: MPB
TP = 307
TN = 2504
FP = 140
FN = 354
ACCURACY = 0.850529500756
PRECISION = 0.686800894855
RECALL = 0.464447806354
F-MEASURE = 0.554151624549

GENRE: Axé
TP = 405
TN = 2493
FP = 151
FN = 256
ACCURACY = 0.876853252648
PRECISION = 0.728417266187
RECALL = 0.612708018154
F-MEASURE = 0.665571076417

GENRE: Funk Carioca
TP = 522
TN = 2582
FP = 62
FN = 139
ACCURACY = 0.939183055976
PRECISION = 0.893835616438
RECALL = 0.789712556732
F-MEASURE = 0.838554216867

GENRE: Samba
TP = 327
TN = 2464
FP = 180
FN = 334
ACCURACY = 0.84447806354
PRECISION = 0.644970414201
RECALL = 0.494704992436
F-MEASURE = 0.559931506849

TYPE: macro
TP = 424.4
TN = 2407.4
FP = 236.6
FN = 236.6
ACCURACY = 0.856822995461
PRECISION = 0.683455540235
RECALL = 0.642057488654
F-MEASURE = 0.643513479808

TYPE: micro
TP = 2122.0
TN = 12037.0
FP = 1183.0
FN = 1183.0
ACCURACY = 0.856822995461
PRECISION = 0.642057488654
RECALL = 0.642057488654
F-MEASURE = 0.642057488654

TEST NUMBER 2
STEMMING: True
CASE-FOLDING: True
REMOVE-STOPWORDS: True
CLF = NAIVE BAYES DEFAULT
FEATURE = TF

GENRE: Sertanejo
TP = 548
TN = 2007
FP = 637
FN = 113
ACCURACY = 0.773071104387
PRECISION = 0.462447257384
RECALL = 0.829046898638
F-MEASURE = 0.593716143012

GENRE: MPB
TP = 313
TN = 2452
FP = 192
FN = 348
ACCURACY = 0.836611195159
PRECISION = 0.619801980198
RECALL = 0.473524962179
F-MEASURE = 0.536878216123

GENRE: Axé
TP = 380
TN = 2485
FP = 159
FN = 281
ACCURACY = 0.866868381241
PRECISION = 0.705009276438
RECALL = 0.574886535552
F-MEASURE = 0.633333333333

GENRE: Funk Carioca
TP = 502
TN = 2555
FP = 89
FN = 159
ACCURACY = 0.924962178517
PRECISION = 0.849407783418
RECALL = 0.759455370651
F-MEASURE = 0.801916932907

GENRE: Samba
TP = 298
TN = 2457
FP = 187
FN = 363
ACCURACY = 0.833585476551
PRECISION = 0.614432989691
RECALL = 0.450832072617
F-MEASURE = 0.520069808028

TYPE: macro
TP = 408.2
TN = 2391.2
FP = 252.8
FN = 252.8
ACCURACY = 0.847019667171
PRECISION = 0.650219857426
RECALL = 0.617549167927
F-MEASURE = 0.617182886681

TYPE: micro
TP = 2041.0
TN = 11956.0
FP = 1264.0
FN = 1264.0
ACCURACY = 0.847019667171
PRECISION = 0.617549167927
RECALL = 0.617549167927
F-MEASURE = 0.617549167927

TEST NUMBER 3
STEMMING: True
CASE-FOLDING: True
REMOVE-STOPWORDS: True
CLF = NAIVE BAYES DEFAULT
FEATURE = LOG_TF

GENRE: Sertanejo
TP = 549
TN = 2016
FP = 628
FN = 112
ACCURACY = 0.776096822995
PRECISION = 0.466440101954
RECALL = 0.830559757943
F-MEASURE = 0.597388465724

GENRE: MPB
TP = 316
TN = 2475
FP = 169
FN = 345
ACCURACY = 0.84447806354
PRECISION = 0.651546391753
RECALL = 0.478063540091
F-MEASURE = 0.551483420593

GENRE: Axé
TP = 410
TN = 2490
FP = 154
FN = 251
ACCURACY = 0.877458396369
PRECISION = 0.72695035461
RECALL = 0.620272314675
F-MEASURE = 0.669387755102

GENRE: Funk Carioca
TP = 516
TN = 2576
FP = 68
FN = 145
ACCURACY = 0.935552193646
PRECISION = 0.883561643836
RECALL = 0.780635400908
F-MEASURE = 0.828915662651

GENRE: Samba
TP = 318
TN = 2467
FP = 177
FN = 343
ACCURACY = 0.842662632375
PRECISION = 0.642424242424
RECALL = 0.481089258699
F-MEASURE = 0.550173010381

TYPE: macro
TP = 421.8
TN = 2404.8
FP = 239.2
FN = 239.2
ACCURACY = 0.855249621785
PRECISION = 0.674184546915
RECALL = 0.638124054463
F-MEASURE = 0.63946966289

TYPE: micro
TP = 2109.0
TN = 12024.0
FP = 1196.0
FN = 1196.0
ACCURACY = 0.855249621785
PRECISION = 0.638124054463
RECALL = 0.638124054463
F-MEASURE = 0.638124054463

TEST NUMBER 4
STEMMING: True
CASE-FOLDING: True
REMOVE-STOPWORDS: True
CLF = NAIVE BAYES DEFAULT
FEATURE = TF_IDF

GENRE: Sertanejo
TP = 595
TN = 1719
FP = 925
FN = 66
ACCURACY = 0.70015128593
PRECISION = 0.391447368421
RECALL = 0.90015128593
F-MEASURE = 0.545621274645

GENRE: MPB
TP = 224
TN = 2551
FP = 93
FN = 437
ACCURACY = 0.839636913767
PRECISION = 0.706624605678
RECALL = 0.338880484115
F-MEASURE = 0.458077709611

GENRE: Axé
TP = 340
TN = 2514
FP = 130
FN = 321
ACCURACY = 0.863540090772
PRECISION = 0.723404255319
RECALL = 0.514372163389
F-MEASURE = 0.601237842617

GENRE: Funk Carioca
TP = 484
TN = 2543
FP = 101
FN = 177
ACCURACY = 0.915885022693
PRECISION = 0.82735042735
RECALL = 0.732223903177
F-MEASURE = 0.776886035313

GENRE: Samba
TP = 252
TN = 2483
FP = 161
FN = 409
ACCURACY = 0.827534039334
PRECISION = 0.610169491525
RECALL = 0.381240544629
F-MEASURE = 0.469273743017

TYPE: macro
TP = 379.0
TN = 2362.0
FP = 282.0
FN = 282.0
ACCURACY = 0.829349470499
PRECISION = 0.651799229659
RECALL = 0.573373676248
F-MEASURE = 0.570219321041

TYPE: micro
TP = 1895.0
TN = 11810.0
FP = 1410.0
FN = 1410.0
ACCURACY = 0.829349470499
PRECISION = 0.573373676248
RECALL = 0.573373676248
F-MEASURE = 0.573373676248

TEST NUMBER 5
STEMMING: True
CASE-FOLDING: True
REMOVE-STOPWORDS: False
CLF = NAIVE BAYES DEFAULT
FEATURE = BINARY

GENRE: Sertanejo
TP = 561
TN = 1985
FP = 659
FN = 100
ACCURACY = 0.77034795764
PRECISION = 0.459836065574
RECALL = 0.848714069592
F-MEASURE = 0.59649122807

GENRE: MPB
TP = 311
TN = 2499
FP = 145
FN = 350
ACCURACY = 0.850226928896
PRECISION = 0.68201754386
RECALL = 0.47049924357
F-MEASURE = 0.55684870188

GENRE: Axé
TP = 402
TN = 2498
FP = 146
FN = 259
ACCURACY = 0.877458396369
PRECISION = 0.733576642336
RECALL = 0.608169440242
F-MEASURE = 0.665012406948

GENRE: Funk Carioca
TP = 513
TN = 2586
FP = 58
FN = 148
ACCURACY = 0.937670196672
PRECISION = 0.898423817863
RECALL = 0.776096822995
F-MEASURE = 0.832792207792

GENRE: Samba
TP = 328
TN = 2462
FP = 182
FN = 333
ACCURACY = 0.844175491679
PRECISION = 0.643137254902
RECALL = 0.49621785174
F-MEASURE = 0.560204953032

TYPE: macro
TP = 423.0
TN = 2406.0
FP = 238.0
FN = 238.0
ACCURACY = 0.855975794251
PRECISION = 0.683398264907
RECALL = 0.639939485628
F-MEASURE = 0.642269899544

TYPE: micro
TP = 2115.0
TN = 12030.0
FP = 1190.0
FN = 1190.0
ACCURACY = 0.855975794251
PRECISION = 0.639939485628
RECALL = 0.639939485628
F-MEASURE = 0.639939485628

TEST NUMBER 6
STEMMING: True
CASE-FOLDING: True
REMOVE-STOPWORDS: False
CLF = NAIVE BAYES DEFAULT
FEATURE = TF

GENRE: Sertanejo
TP = 541
TN = 2012
FP = 632
FN = 120
ACCURACY = 0.772465960666
PRECISION = 0.461210571185
RECALL = 0.81845688351
F-MEASURE = 0.589967284624

GENRE: MPB
TP = 323
TN = 2440
FP = 204
FN = 338
ACCURACY = 0.836006051437
PRECISION = 0.612903225806
RECALL = 0.488653555219
F-MEASURE = 0.543771043771

GENRE: Axé
TP = 373
TN = 2477
FP = 167
FN = 288
ACCURACY = 0.862329803328
PRECISION = 0.690740740741
RECALL = 0.564296520424
F-MEASURE = 0.621149042465

GENRE: Funk Carioca
TP = 498
TN = 2565
FP = 79
FN = 163
ACCURACY = 0.926777609682
PRECISION = 0.86308492201
RECALL = 0.753403933434
F-MEASURE = 0.804523424879

GENRE: Samba
TP = 300
TN = 2456
FP = 188
FN = 361
ACCURACY = 0.833888048411
PRECISION = 0.614754098361
RECALL = 0.453857791225
F-MEASURE = 0.522193211488

TYPE: macro
TP = 407.0
TN = 2390.0
FP = 254.0
FN = 254.0
ACCURACY = 0.846293494705
PRECISION = 0.648538711621
RECALL = 0.615733736762
F-MEASURE = 0.616320801445

TYPE: micro
TP = 2035.0
TN = 11950.0
FP = 1270.0
FN = 1270.0
ACCURACY = 0.846293494705
PRECISION = 0.615733736762
RECALL = 0.615733736762
F-MEASURE = 0.615733736762

TEST NUMBER 7
STEMMING: True
CASE-FOLDING: True
REMOVE-STOPWORDS: False
CLF = NAIVE BAYES DEFAULT
FEATURE = LOG_TF

GENRE: Sertanejo
TP = 551
TN = 2018
FP = 626
FN = 110
ACCURACY = 0.777307110439
PRECISION = 0.468139337298
RECALL = 0.833585476551
F-MEASURE = 0.599564744287

GENRE: MPB
TP = 321
TN = 2471
FP = 173
FN = 340
ACCURACY = 0.844780635401
PRECISION = 0.64979757085
RECALL = 0.485627836611
F-MEASURE = 0.555844155844

GENRE: Axé
TP = 404
TN = 2491
FP = 153
FN = 257
ACCURACY = 0.875945537065
PRECISION = 0.725314183124
RECALL = 0.61119515885
F-MEASURE = 0.663382594417

GENRE: Funk Carioca
TP = 512
TN = 2590
FP = 54
FN = 149
ACCURACY = 0.938577912254
PRECISION = 0.904593639576
RECALL = 0.774583963691
F-MEASURE = 0.834555827221

GENRE: Samba
TP = 326
TN = 2459
FP = 185
FN = 335
ACCURACY = 0.842662632375
PRECISION = 0.637964774951
RECALL = 0.493192133132
F-MEASURE = 0.556313993174

TYPE: macro
TP = 422.8
TN = 2405.8
FP = 238.2
FN = 238.2
ACCURACY = 0.855854765507
PRECISION = 0.67716190116
RECALL = 0.639636913767
F-MEASURE = 0.641932262989

TYPE: micro
TP = 2114.0
TN = 12029.0
FP = 1191.0
FN = 1191.0
ACCURACY = 0.855854765507
PRECISION = 0.639636913767
RECALL = 0.639636913767
F-MEASURE = 0.639636913767

TEST NUMBER 8
STEMMING: True
CASE-FOLDING: True
REMOVE-STOPWORDS: False
CLF = NAIVE BAYES DEFAULT
FEATURE = TF_IDF

GENRE: Sertanejo
TP = 602
TN = 1647
FP = 997
FN = 59
ACCURACY = 0.680484114977
PRECISION = 0.376485303315
RECALL = 0.910741301059
F-MEASURE = 0.532743362832

GENRE: MPB
TP = 212
TN = 2555
FP = 89
FN = 449
ACCURACY = 0.83721633888
PRECISION = 0.704318936877
RECALL = 0.320726172466
F-MEASURE = 0.440748440748

GENRE: Axé
TP = 325
TN = 2525
FP = 119
FN = 336
ACCURACY = 0.862329803328
PRECISION = 0.731981981982
RECALL = 0.491679273828
F-MEASURE = 0.588235294118

GENRE: Funk Carioca
TP = 469
TN = 2554
FP = 90
FN = 192
ACCURACY = 0.91467473525
PRECISION = 0.838998211091
RECALL = 0.709531013616
F-MEASURE = 0.768852459016

GENRE: Samba
TP = 244
TN = 2486
FP = 158
FN = 417
ACCURACY = 0.82602118003
PRECISION = 0.606965174129
RECALL = 0.369137670197
F-MEASURE = 0.459078080903

TYPE: macro
TP = 370.4
TN = 2353.4
FP = 290.6
FN = 290.6
ACCURACY = 0.824145234493
PRECISION = 0.651749921479
RECALL = 0.560363086233
F-MEASURE = 0.557931527523

TYPE: micro
TP = 1852.0
TN = 11767.0
FP = 1453.0
FN = 1453.0
ACCURACY = 0.824145234493
PRECISION = 0.560363086233
RECALL = 0.560363086233
F-MEASURE = 0.560363086233

TEST NUMBER 9
STEMMING: True
CASE-FOLDING: False
REMOVE-STOPWORDS: True
CLF = NAIVE BAYES DEFAULT
FEATURE = BINARY

GENRE: Sertanejo
TP = 561
TN = 1995
FP = 649
FN = 100
ACCURACY = 0.773373676248
PRECISION = 0.463636363636
RECALL = 0.848714069592
F-MEASURE = 0.599679315874

GENRE: MPB
TP = 307
TN = 2503
FP = 141
FN = 354
ACCURACY = 0.850226928896
PRECISION = 0.685267857143
RECALL = 0.464447806354
F-MEASURE = 0.553651938683

GENRE: Axé
TP = 405
TN = 2493
FP = 151
FN = 256
ACCURACY = 0.876853252648
PRECISION = 0.728417266187
RECALL = 0.612708018154
F-MEASURE = 0.665571076417

GENRE: Funk Carioca
TP = 522
TN = 2582
FP = 62
FN = 139
ACCURACY = 0.939183055976
PRECISION = 0.893835616438
RECALL = 0.789712556732
F-MEASURE = 0.838554216867

GENRE: Samba
TP = 327
TN = 2464
FP = 180
FN = 334
ACCURACY = 0.84447806354
PRECISION = 0.644970414201
RECALL = 0.494704992436
F-MEASURE = 0.559931506849

TYPE: macro
TP = 424.4
TN = 2407.4
FP = 236.6
FN = 236.6
ACCURACY = 0.856822995461
PRECISION = 0.683225503521
RECALL = 0.642057488654
F-MEASURE = 0.643477610938

TYPE: micro
TP = 2122.0
TN = 12037.0
FP = 1183.0
FN = 1183.0
ACCURACY = 0.856822995461
PRECISION = 0.642057488654
RECALL = 0.642057488654
F-MEASURE = 0.642057488654

TEST NUMBER 10
STEMMING: True
CASE-FOLDING: False
REMOVE-STOPWORDS: True
CLF = NAIVE BAYES DEFAULT
FEATURE = TF

GENRE: Sertanejo
TP = 548
TN = 2007
FP = 637
FN = 113
ACCURACY = 0.773071104387
PRECISION = 0.462447257384
RECALL = 0.829046898638
F-MEASURE = 0.593716143012

GENRE: MPB
TP = 314
TN = 2452
FP = 192
FN = 347
ACCURACY = 0.83691376702
PRECISION = 0.620553359684
RECALL = 0.475037821483
F-MEASURE = 0.538131962296

GENRE: Axé
TP = 380
TN = 2485
FP = 159
FN = 281
ACCURACY = 0.866868381241
PRECISION = 0.705009276438
RECALL = 0.574886535552
F-MEASURE = 0.633333333333

GENRE: Funk Carioca
TP = 502
TN = 2556
FP = 88
FN = 159
ACCURACY = 0.925264750378
PRECISION = 0.850847457627
RECALL = 0.759455370651
F-MEASURE = 0.802557953637

GENRE: Samba
TP = 298
TN = 2457
FP = 187
FN = 363
ACCURACY = 0.833585476551
PRECISION = 0.614432989691
RECALL = 0.450832072617
F-MEASURE = 0.520069808028

TYPE: macro
TP = 408.4
TN = 2391.4
FP = 252.6
FN = 252.6
ACCURACY = 0.847140695915
PRECISION = 0.650658068165
RECALL = 0.617851739788
F-MEASURE = 0.617561840061

TYPE: micro
TP = 2042.0
TN = 11957.0
FP = 1263.0
FN = 1263.0
ACCURACY = 0.847140695915
PRECISION = 0.617851739788
RECALL = 0.617851739788
F-MEASURE = 0.617851739788

TEST NUMBER 11
STEMMING: True
CASE-FOLDING: False
REMOVE-STOPWORDS: True
CLF = NAIVE BAYES DEFAULT
FEATURE = LOG_TF

GENRE: Sertanejo
TP = 549
TN = 2016
FP = 628
FN = 112
ACCURACY = 0.776096822995
PRECISION = 0.466440101954
RECALL = 0.830559757943
F-MEASURE = 0.597388465724

GENRE: MPB
TP = 316
TN = 2475
FP = 169
FN = 345
ACCURACY = 0.84447806354
PRECISION = 0.651546391753
RECALL = 0.478063540091
F-MEASURE = 0.551483420593

GENRE: Axé
TP = 410
TN = 2490
FP = 154
FN = 251
ACCURACY = 0.877458396369
PRECISION = 0.72695035461
RECALL = 0.620272314675
F-MEASURE = 0.669387755102

GENRE: Funk Carioca
TP = 516
TN = 2576
FP = 68
FN = 145
ACCURACY = 0.935552193646
PRECISION = 0.883561643836
RECALL = 0.780635400908
F-MEASURE = 0.828915662651

GENRE: Samba
TP = 318
TN = 2467
FP = 177
FN = 343
ACCURACY = 0.842662632375
PRECISION = 0.642424242424
RECALL = 0.481089258699
F-MEASURE = 0.550173010381

TYPE: macro
TP = 421.8
TN = 2404.8
FP = 239.2
FN = 239.2
ACCURACY = 0.855249621785
PRECISION = 0.674184546915
RECALL = 0.638124054463
F-MEASURE = 0.63946966289

TYPE: micro
TP = 2109.0
TN = 12024.0
FP = 1196.0
FN = 1196.0
ACCURACY = 0.855249621785
PRECISION = 0.638124054463
RECALL = 0.638124054463
F-MEASURE = 0.638124054463

TEST NUMBER 12
STEMMING: True
CASE-FOLDING: False
REMOVE-STOPWORDS: True
CLF = NAIVE BAYES DEFAULT
FEATURE = TF_IDF

GENRE: Sertanejo
TP = 595
TN = 1719
FP = 925
FN = 66
ACCURACY = 0.70015128593
PRECISION = 0.391447368421
RECALL = 0.90015128593
F-MEASURE = 0.545621274645

GENRE: MPB
TP = 224
TN = 2551
FP = 93
FN = 437
ACCURACY = 0.839636913767
PRECISION = 0.706624605678
RECALL = 0.338880484115
F-MEASURE = 0.458077709611

GENRE: Axé
TP = 340
TN = 2514
FP = 130
FN = 321
ACCURACY = 0.863540090772
PRECISION = 0.723404255319
RECALL = 0.514372163389
F-MEASURE = 0.601237842617

GENRE: Funk Carioca
TP = 484
TN = 2543
FP = 101
FN = 177
ACCURACY = 0.915885022693
PRECISION = 0.82735042735
RECALL = 0.732223903177
F-MEASURE = 0.776886035313

GENRE: Samba
TP = 252
TN = 2483
FP = 161
FN = 409
ACCURACY = 0.827534039334
PRECISION = 0.610169491525
RECALL = 0.381240544629
F-MEASURE = 0.469273743017

TYPE: macro
TP = 379.0
TN = 2362.0
FP = 282.0
FN = 282.0
ACCURACY = 0.829349470499
PRECISION = 0.651799229659
RECALL = 0.573373676248
F-MEASURE = 0.570219321041

TYPE: micro
TP = 1895.0
TN = 11810.0
FP = 1410.0
FN = 1410.0
ACCURACY = 0.829349470499
PRECISION = 0.573373676248
RECALL = 0.573373676248
F-MEASURE = 0.573373676248

TEST NUMBER 13
STEMMING: True
CASE-FOLDING: False
REMOVE-STOPWORDS: False
CLF = NAIVE BAYES DEFAULT
FEATURE = BINARY

GENRE: Sertanejo
TP = 561
TN = 1985
FP = 659
FN = 100
ACCURACY = 0.77034795764
PRECISION = 0.459836065574
RECALL = 0.848714069592
F-MEASURE = 0.59649122807

GENRE: MPB
TP = 311
TN = 2499
FP = 145
FN = 350
ACCURACY = 0.850226928896
PRECISION = 0.68201754386
RECALL = 0.47049924357
F-MEASURE = 0.55684870188

GENRE: Axé
TP = 402
TN = 2498
FP = 146
FN = 259
ACCURACY = 0.877458396369
PRECISION = 0.733576642336
RECALL = 0.608169440242
F-MEASURE = 0.665012406948

GENRE: Funk Carioca
TP = 513
TN = 2586
FP = 58
FN = 148
ACCURACY = 0.937670196672
PRECISION = 0.898423817863
RECALL = 0.776096822995
F-MEASURE = 0.832792207792

GENRE: Samba
TP = 328
TN = 2462
FP = 182
FN = 333
ACCURACY = 0.844175491679
PRECISION = 0.643137254902
RECALL = 0.49621785174
F-MEASURE = 0.560204953032

TYPE: macro
TP = 423.0
TN = 2406.0
FP = 238.0
FN = 238.0
ACCURACY = 0.855975794251
PRECISION = 0.683398264907
RECALL = 0.639939485628
F-MEASURE = 0.642269899544

TYPE: micro
TP = 2115.0
TN = 12030.0
FP = 1190.0
FN = 1190.0
ACCURACY = 0.855975794251
PRECISION = 0.639939485628
RECALL = 0.639939485628
F-MEASURE = 0.639939485628

TEST NUMBER 14
STEMMING: True
CASE-FOLDING: False
REMOVE-STOPWORDS: False
CLF = NAIVE BAYES DEFAULT
FEATURE = TF

GENRE: Sertanejo
TP = 541
TN = 2012
FP = 632
FN = 120
ACCURACY = 0.772465960666
PRECISION = 0.461210571185
RECALL = 0.81845688351
F-MEASURE = 0.589967284624

GENRE: MPB
TP = 323
TN = 2440
FP = 204
FN = 338
ACCURACY = 0.836006051437
PRECISION = 0.612903225806
RECALL = 0.488653555219
F-MEASURE = 0.543771043771

GENRE: Axé
TP = 373
TN = 2477
FP = 167
FN = 288
ACCURACY = 0.862329803328
PRECISION = 0.690740740741
RECALL = 0.564296520424
F-MEASURE = 0.621149042465

GENRE: Funk Carioca
TP = 498
TN = 2565
FP = 79
FN = 163
ACCURACY = 0.926777609682
PRECISION = 0.86308492201
RECALL = 0.753403933434
F-MEASURE = 0.804523424879

GENRE: Samba
TP = 300
TN = 2456
FP = 188
FN = 361
ACCURACY = 0.833888048411
PRECISION = 0.614754098361
RECALL = 0.453857791225
F-MEASURE = 0.522193211488

TYPE: macro
TP = 407.0
TN = 2390.0
FP = 254.0
FN = 254.0
ACCURACY = 0.846293494705
PRECISION = 0.648538711621
RECALL = 0.615733736762
F-MEASURE = 0.616320801445

TYPE: micro
TP = 2035.0
TN = 11950.0
FP = 1270.0
FN = 1270.0
ACCURACY = 0.846293494705
PRECISION = 0.615733736762
RECALL = 0.615733736762
F-MEASURE = 0.615733736762

TEST NUMBER 15
STEMMING: True
CASE-FOLDING: False
REMOVE-STOPWORDS: False
CLF = NAIVE BAYES DEFAULT
FEATURE = LOG_TF

GENRE: Sertanejo
TP = 551
TN = 2018
FP = 626
FN = 110
ACCURACY = 0.777307110439
PRECISION = 0.468139337298
RECALL = 0.833585476551
F-MEASURE = 0.599564744287

GENRE: MPB
TP = 321
TN = 2471
FP = 173
FN = 340
ACCURACY = 0.844780635401
PRECISION = 0.64979757085
RECALL = 0.485627836611
F-MEASURE = 0.555844155844

GENRE: Axé
TP = 404
TN = 2491
FP = 153
FN = 257
ACCURACY = 0.875945537065
PRECISION = 0.725314183124
RECALL = 0.61119515885
F-MEASURE = 0.663382594417

GENRE: Funk Carioca
TP = 512
TN = 2590
FP = 54
FN = 149
ACCURACY = 0.938577912254
PRECISION = 0.904593639576
RECALL = 0.774583963691
F-MEASURE = 0.834555827221

GENRE: Samba
TP = 326
TN = 2459
FP = 185
FN = 335
ACCURACY = 0.842662632375
PRECISION = 0.637964774951
RECALL = 0.493192133132
F-MEASURE = 0.556313993174

TYPE: macro
TP = 422.8
TN = 2405.8
FP = 238.2
FN = 238.2
ACCURACY = 0.855854765507
PRECISION = 0.67716190116
RECALL = 0.639636913767
F-MEASURE = 0.641932262989

TYPE: micro
TP = 2114.0
TN = 12029.0
FP = 1191.0
FN = 1191.0
ACCURACY = 0.855854765507
PRECISION = 0.639636913767
RECALL = 0.639636913767
F-MEASURE = 0.639636913767

TEST NUMBER 16
STEMMING: True
CASE-FOLDING: False
REMOVE-STOPWORDS: False
CLF = NAIVE BAYES DEFAULT
FEATURE = TF_IDF

GENRE: Sertanejo
TP = 602
TN = 1647
FP = 997
FN = 59
ACCURACY = 0.680484114977
PRECISION = 0.376485303315
RECALL = 0.910741301059
F-MEASURE = 0.532743362832

GENRE: MPB
TP = 212
TN = 2555
FP = 89
FN = 449
ACCURACY = 0.83721633888
PRECISION = 0.704318936877
RECALL = 0.320726172466
F-MEASURE = 0.440748440748

GENRE: Axé
TP = 325
TN = 2525
FP = 119
FN = 336
ACCURACY = 0.862329803328
PRECISION = 0.731981981982
RECALL = 0.491679273828
F-MEASURE = 0.588235294118

GENRE: Funk Carioca
TP = 469
TN = 2554
FP = 90
FN = 192
ACCURACY = 0.91467473525
PRECISION = 0.838998211091
RECALL = 0.709531013616
F-MEASURE = 0.768852459016

GENRE: Samba
TP = 244
TN = 2486
FP = 158
FN = 417
ACCURACY = 0.82602118003
PRECISION = 0.606965174129
RECALL = 0.369137670197
F-MEASURE = 0.459078080903

TYPE: macro
TP = 370.4
TN = 2353.4
FP = 290.6
FN = 290.6
ACCURACY = 0.824145234493
PRECISION = 0.651749921479
RECALL = 0.560363086233
F-MEASURE = 0.557931527523

TYPE: micro
TP = 1852.0
TN = 11767.0
FP = 1453.0
FN = 1453.0
ACCURACY = 0.824145234493
PRECISION = 0.560363086233
RECALL = 0.560363086233
F-MEASURE = 0.560363086233

TEST NUMBER 17
STEMMING: False
CASE-FOLDING: True
REMOVE-STOPWORDS: True
CLF = NAIVE BAYES DEFAULT
FEATURE = BINARY

GENRE: Sertanejo
TP = 564
TN = 1976
FP = 668
FN = 97
ACCURACY = 0.768532526475
PRECISION = 0.457792207792
RECALL = 0.853252647504
F-MEASURE = 0.59587955626

GENRE: MPB
TP = 289
TN = 2506
FP = 138
FN = 372
ACCURACY = 0.845688350983
PRECISION = 0.67681498829
RECALL = 0.43721633888
F-MEASURE = 0.53125

GENRE: Axé
TP = 417
TN = 2482
FP = 162
FN = 244
ACCURACY = 0.877155824508
PRECISION = 0.720207253886
RECALL = 0.630862329803
F-MEASURE = 0.672580645161

GENRE: Funk Carioca
TP = 520
TN = 2582
FP = 62
FN = 141
ACCURACY = 0.938577912254
PRECISION = 0.893470790378
RECALL = 0.786686838124
F-MEASURE = 0.836685438455

GENRE: Samba
TP = 318
TN = 2477
FP = 167
FN = 343
ACCURACY = 0.845688350983
PRECISION = 0.655670103093
RECALL = 0.481089258699
F-MEASURE = 0.55497382199

TYPE: macro
TP = 421.6
TN = 2404.6
FP = 239.4
FN = 239.4
ACCURACY = 0.855128593041
PRECISION = 0.680791068688
RECALL = 0.637821482602
F-MEASURE = 0.638273892373

TYPE: micro
TP = 2108.0
TN = 12023.0
FP = 1197.0
FN = 1197.0
ACCURACY = 0.855128593041
PRECISION = 0.637821482602
RECALL = 0.637821482602
F-MEASURE = 0.637821482602

TEST NUMBER 18
STEMMING: False
CASE-FOLDING: True
REMOVE-STOPWORDS: True
CLF = NAIVE BAYES DEFAULT
FEATURE = TF

GENRE: Sertanejo
TP = 559
TN = 1990
FP = 654
FN = 102
ACCURACY = 0.771255673222
PRECISION = 0.460840890354
RECALL = 0.845688350983
F-MEASURE = 0.596584845251

GENRE: MPB
TP = 302
TN = 2458
FP = 186
FN = 359
ACCURACY = 0.835098335855
PRECISION = 0.618852459016
RECALL = 0.456883509834
F-MEASURE = 0.525674499565

GENRE: Axé
TP = 391
TN = 2495
FP = 149
FN = 270
ACCURACY = 0.873222390318
PRECISION = 0.724074074074
RECALL = 0.591527987897
F-MEASURE = 0.651124063281

GENRE: Funk Carioca
TP = 493
TN = 2574
FP = 70
FN = 168
ACCURACY = 0.927987897126
PRECISION = 0.8756660746
RECALL = 0.745839636914
F-MEASURE = 0.805555555556

GENRE: Samba
TP = 309
TN = 2452
FP = 192
FN = 352
ACCURACY = 0.835400907716
PRECISION = 0.616766467066
RECALL = 0.467473524962
F-MEASURE = 0.531841652324

TYPE: macro
TP = 410.8
TN = 2393.8
FP = 250.2
FN = 250.2
ACCURACY = 0.848593040847
PRECISION = 0.659239993022
RECALL = 0.621482602118
F-MEASURE = 0.622156123195

TYPE: micro
TP = 2054.0
TN = 11969.0
FP = 1251.0
FN = 1251.0
ACCURACY = 0.848593040847
PRECISION = 0.621482602118
RECALL = 0.621482602118
F-MEASURE = 0.621482602118

TEST NUMBER 19
STEMMING: False
CASE-FOLDING: True
REMOVE-STOPWORDS: True
CLF = NAIVE BAYES DEFAULT
FEATURE = LOG_TF

GENRE: Sertanejo
TP = 559
TN = 1986
FP = 658
FN = 102
ACCURACY = 0.770045385779
PRECISION = 0.459326211997
RECALL = 0.845688350983
F-MEASURE = 0.595314164004

GENRE: MPB
TP = 304
TN = 2486
FP = 158
FN = 357
ACCURACY = 0.844175491679
PRECISION = 0.658008658009
RECALL = 0.459909228442
F-MEASURE = 0.541406945681

GENRE: Axé
TP = 411
TN = 2496
FP = 148
FN = 250
ACCURACY = 0.879576399395
PRECISION = 0.735241502683
RECALL = 0.621785173979
F-MEASURE = 0.673770491803

GENRE: Funk Carioca
TP = 518
TN = 2577
FP = 67
FN = 143
ACCURACY = 0.936459909228
PRECISION = 0.88547008547
RECALL = 0.783661119516
F-MEASURE = 0.831460674157

GENRE: Samba
TP = 318
TN = 2480
FP = 164
FN = 343
ACCURACY = 0.846596066566
PRECISION = 0.659751037344
RECALL = 0.481089258699
F-MEASURE = 0.556430446194

TYPE: macro
TP = 422.0
TN = 2405.0
FP = 239.0
FN = 239.0
ACCURACY = 0.85537065053
PRECISION = 0.679559499101
RECALL = 0.638426626324
F-MEASURE = 0.639676544368

TYPE: micro
TP = 2110.0
TN = 12025.0
FP = 1195.0
FN = 1195.0
ACCURACY = 0.85537065053
PRECISION = 0.638426626324
RECALL = 0.638426626324
F-MEASURE = 0.638426626324

TEST NUMBER 20
STEMMING: False
CASE-FOLDING: True
REMOVE-STOPWORDS: True
CLF = NAIVE BAYES DEFAULT
FEATURE = TF_IDF

GENRE: Sertanejo
TP = 590
TN = 1729
FP = 915
FN = 71
ACCURACY = 0.701664145234
PRECISION = 0.392026578073
RECALL = 0.89258698941
F-MEASURE = 0.544783010157

GENRE: MPB
TP = 213
TN = 2534
FP = 110
FN = 448
ACCURACY = 0.831164901664
PRECISION = 0.659442724458
RECALL = 0.32223903177
F-MEASURE = 0.432926829268

GENRE: Axé
TP = 367
TN = 2490
FP = 154
FN = 294
ACCURACY = 0.864447806354
PRECISION = 0.704414587332
RECALL = 0.555219364599
F-MEASURE = 0.620981387479

GENRE: Funk Carioca
TP = 478
TN = 2563
FP = 81
FN = 183
ACCURACY = 0.920121028744
PRECISION = 0.855098389982
RECALL = 0.723146747352
F-MEASURE = 0.783606557377

GENRE: Samba
TP = 250
TN = 2497
FP = 147
FN = 411
ACCURACY = 0.831164901664
PRECISION = 0.629722921914
RECALL = 0.378214826021
F-MEASURE = 0.47258979206

TYPE: macro
TP = 379.6
TN = 2362.6
FP = 281.4
FN = 281.4
ACCURACY = 0.829712556732
PRECISION = 0.648141040352
RECALL = 0.574281391831
F-MEASURE = 0.570977515268

TYPE: micro
TP = 1898.0
TN = 11813.0
FP = 1407.0
FN = 1407.0
ACCURACY = 0.829712556732
PRECISION = 0.574281391831
RECALL = 0.574281391831
F-MEASURE = 0.574281391831

TEST NUMBER 21
STEMMING: False
CASE-FOLDING: True
REMOVE-STOPWORDS: False
CLF = NAIVE BAYES DEFAULT
FEATURE = BINARY

GENRE: Sertanejo
TP = 568
TN = 1958
FP = 686
FN = 93
ACCURACY = 0.764296520424
PRECISION = 0.452950558214
RECALL = 0.85930408472
F-MEASURE = 0.593211488251

GENRE: MPB
TP = 291
TN = 2500
FP = 144
FN = 370
ACCURACY = 0.84447806354
PRECISION = 0.668965517241
RECALL = 0.440242057489
F-MEASURE = 0.53102189781

GENRE: Axé
TP = 411
TN = 2496
FP = 148
FN = 250
ACCURACY = 0.879576399395
PRECISION = 0.735241502683
RECALL = 0.621785173979
F-MEASURE = 0.673770491803

GENRE: Funk Carioca
TP = 509
TN = 2590
FP = 54
FN = 152
ACCURACY = 0.937670196672
PRECISION = 0.904085257549
RECALL = 0.770045385779
F-MEASURE = 0.831699346405

GENRE: Samba
TP = 324
TN = 2474
FP = 170
FN = 337
ACCURACY = 0.846596066566
PRECISION = 0.655870445344
RECALL = 0.490166414523
F-MEASURE = 0.561038961039

TYPE: macro
TP = 420.6
TN = 2403.6
FP = 240.4
FN = 240.4
ACCURACY = 0.854523449319
PRECISION = 0.683422656206
RECALL = 0.636308623298
F-MEASURE = 0.638148437062

TYPE: micro
TP = 2103.0
TN = 12018.0
FP = 1202.0
FN = 1202.0
ACCURACY = 0.854523449319
PRECISION = 0.636308623298
RECALL = 0.636308623298
F-MEASURE = 0.636308623298

TEST NUMBER 22
STEMMING: False
CASE-FOLDING: True
REMOVE-STOPWORDS: False
CLF = NAIVE BAYES DEFAULT
FEATURE = TF

GENRE: Sertanejo
TP = 556
TN = 1976
FP = 668
FN = 105
ACCURACY = 0.766111951589
PRECISION = 0.454248366013
RECALL = 0.841149773071
F-MEASURE = 0.589920424403

GENRE: MPB
TP = 304
TN = 2451
FP = 193
FN = 357
ACCURACY = 0.833585476551
PRECISION = 0.611670020121
RECALL = 0.459909228442
F-MEASURE = 0.525043177893

GENRE: Axé
TP = 385
TN = 2512
FP = 132
FN = 276
ACCURACY = 0.876550680787
PRECISION = 0.744680851064
RECALL = 0.582450832073
F-MEASURE = 0.653650254669

GENRE: Funk Carioca
TP = 494
TN = 2577
FP = 67
FN = 167
ACCURACY = 0.929198184569
PRECISION = 0.880570409982
RECALL = 0.747352496218
F-MEASURE = 0.808510638298

GENRE: Samba
TP = 311
TN = 2449
FP = 195
FN = 350
ACCURACY = 0.835098335855
PRECISION = 0.614624505929
RECALL = 0.47049924357
F-MEASURE = 0.532990574122

TYPE: macro
TP = 410.0
TN = 2393.0
FP = 251.0
FN = 251.0
ACCURACY = 0.84810892587
PRECISION = 0.661158830622
RECALL = 0.620272314675
F-MEASURE = 0.622023013877

TYPE: micro
TP = 2050.0
TN = 11965.0
FP = 1255.0
FN = 1255.0
ACCURACY = 0.84810892587
PRECISION = 0.620272314675
RECALL = 0.620272314675
F-MEASURE = 0.620272314675

TEST NUMBER 23
STEMMING: False
CASE-FOLDING: True
REMOVE-STOPWORDS: False
CLF = NAIVE BAYES DEFAULT
FEATURE = LOG_TF

GENRE: Sertanejo
TP = 563
TN = 1976
FP = 668
FN = 98
ACCURACY = 0.768229954614
PRECISION = 0.457351746548
RECALL = 0.8517397882
F-MEASURE = 0.595137420719

GENRE: MPB
TP = 307
TN = 2481
FP = 163
FN = 354
ACCURACY = 0.843570347958
PRECISION = 0.653191489362
RECALL = 0.464447806354
F-MEASURE = 0.542882404951

GENRE: Axé
TP = 406
TN = 2513
FP = 131
FN = 255
ACCURACY = 0.883207261725
PRECISION = 0.756052141527
RECALL = 0.614220877458
F-MEASURE = 0.677796327212

GENRE: Funk Carioca
TP = 508
TN = 2592
FP = 52
FN = 153
ACCURACY = 0.937972768533
PRECISION = 0.907142857143
RECALL = 0.768532526475
F-MEASURE = 0.832104832105

GENRE: Samba
TP = 322
TN = 2459
FP = 185
FN = 339
ACCURACY = 0.841452344932
PRECISION = 0.635108481262
RECALL = 0.487140695915
F-MEASURE = 0.551369863014

TYPE: macro
TP = 421.2
TN = 2404.2
FP = 239.8
FN = 239.8
ACCURACY = 0.854886535552
PRECISION = 0.681769343168
RECALL = 0.63721633888
F-MEASURE = 0.6398581696

TYPE: micro
TP = 2106.0
TN = 12021.0
FP = 1199.0
FN = 1199.0
ACCURACY = 0.854886535552
PRECISION = 0.63721633888
RECALL = 0.63721633888
F-MEASURE = 0.63721633888

TEST NUMBER 24
STEMMING: False
CASE-FOLDING: True
REMOVE-STOPWORDS: False
CLF = NAIVE BAYES DEFAULT
FEATURE = TF_IDF

GENRE: Sertanejo
TP = 611
TN = 1606
FP = 1038
FN = 50
ACCURACY = 0.670801815431
PRECISION = 0.37052759248
RECALL = 0.924357034796
F-MEASURE = 0.529004329004

GENRE: MPB
TP = 202
TN = 2546
FP = 98
FN = 459
ACCURACY = 0.831467473525
PRECISION = 0.673333333333
RECALL = 0.305597579425
F-MEASURE = 0.420395421436

GENRE: Axé
TP = 336
TN = 2538
FP = 106
FN = 325
ACCURACY = 0.869591527988
PRECISION = 0.760180995475
RECALL = 0.508320726172
F-MEASURE = 0.6092475068

GENRE: Funk Carioca
TP = 467
TN = 2573
FP = 71
FN = 194
ACCURACY = 0.919818456884
PRECISION = 0.868029739777
RECALL = 0.706505295008
F-MEASURE = 0.778982485405

GENRE: Samba
TP = 236
TN = 2504
FP = 140
FN = 425
ACCURACY = 0.829046898638
PRECISION = 0.627659574468
RECALL = 0.357034795764
F-MEASURE = 0.455159112825

TYPE: macro
TP = 370.4
TN = 2353.4
FP = 290.6
FN = 290.6
ACCURACY = 0.824145234493
PRECISION = 0.659946247107
RECALL = 0.560363086233
F-MEASURE = 0.558557771094

TYPE: micro
TP = 1852.0
TN = 11767.0
FP = 1453.0
FN = 1453.0
ACCURACY = 0.824145234493
PRECISION = 0.560363086233
RECALL = 0.560363086233
F-MEASURE = 0.560363086233

TEST NUMBER 25
STEMMING: False
CASE-FOLDING: False
REMOVE-STOPWORDS: True
CLF = NAIVE BAYES DEFAULT
FEATURE = BINARY

GENRE: Sertanejo
TP = 571
TN = 1961
FP = 683
FN = 90
ACCURACY = 0.766111951589
PRECISION = 0.455342902711
RECALL = 0.863842662632
F-MEASURE = 0.59634464752

GENRE: MPB
TP = 289
TN = 2498
FP = 146
FN = 372
ACCURACY = 0.843267776097
PRECISION = 0.664367816092
RECALL = 0.43721633888
F-MEASURE = 0.527372262774

GENRE: Axé
TP = 409
TN = 2509
FP = 135
FN = 252
ACCURACY = 0.882904689864
PRECISION = 0.751838235294
RECALL = 0.618759455371
F-MEASURE = 0.678838174274

GENRE: Funk Carioca
TP = 516
TN = 2572
FP = 72
FN = 145
ACCURACY = 0.934341906203
PRECISION = 0.877551020408
RECALL = 0.780635400908
F-MEASURE = 0.826261008807

GENRE: Samba
TP = 325
TN = 2485
FP = 159
FN = 336
ACCURACY = 0.850226928896
PRECISION = 0.671487603306
RECALL = 0.491679273828
F-MEASURE = 0.56768558952

TYPE: macro
TP = 422.0
TN = 2405.0
FP = 239.0
FN = 239.0
ACCURACY = 0.85537065053
PRECISION = 0.684117515562
RECALL = 0.638426626324
F-MEASURE = 0.639300336579

TYPE: micro
TP = 2110.0
TN = 12025.0
FP = 1195.0
FN = 1195.0
ACCURACY = 0.85537065053
PRECISION = 0.638426626324
RECALL = 0.638426626324
F-MEASURE = 0.638426626324

TEST NUMBER 26
STEMMING: False
CASE-FOLDING: False
REMOVE-STOPWORDS: True
CLF = NAIVE BAYES DEFAULT
FEATURE = TF

GENRE: Sertanejo
TP = 560
TN = 1972
FP = 672
FN = 101
ACCURACY = 0.766111951589
PRECISION = 0.454545454545
RECALL = 0.847201210287
F-MEASURE = 0.591653460116

GENRE: MPB
TP = 305
TN = 2450
FP = 194
FN = 356
ACCURACY = 0.833585476551
PRECISION = 0.61122244489
RECALL = 0.461422087746
F-MEASURE = 0.525862068966

GENRE: Axé
TP = 391
TN = 2503
FP = 141
FN = 270
ACCURACY = 0.875642965204
PRECISION = 0.734962406015
RECALL = 0.591527987897
F-MEASURE = 0.655490360436

GENRE: Funk Carioca
TP = 498
TN = 2574
FP = 70
FN = 163
ACCURACY = 0.92950075643
PRECISION = 0.87676056338
RECALL = 0.753403933434
F-MEASURE = 0.810414971522

GENRE: Samba
TP = 306
TN = 2476
FP = 168
FN = 355
ACCURACY = 0.841754916793
PRECISION = 0.645569620253
RECALL = 0.46293494705
F-MEASURE = 0.539207048458

TYPE: macro
TP = 412.0
TN = 2395.0
FP = 249.0
FN = 249.0
ACCURACY = 0.849319213313
PRECISION = 0.664612097817
RECALL = 0.623298033283
F-MEASURE = 0.624525581899

TYPE: micro
TP = 2060.0
TN = 11975.0
FP = 1245.0
FN = 1245.0
ACCURACY = 0.849319213313
PRECISION = 0.623298033283
RECALL = 0.623298033283
F-MEASURE = 0.623298033283

TEST NUMBER 27
STEMMING: False
CASE-FOLDING: False
REMOVE-STOPWORDS: True
CLF = NAIVE BAYES DEFAULT
FEATURE = LOG_TF

GENRE: Sertanejo
TP = 560
TN = 1979
FP = 665
FN = 101
ACCURACY = 0.768229954614
PRECISION = 0.457142857143
RECALL = 0.847201210287
F-MEASURE = 0.593849416755

GENRE: MPB
TP = 301
TN = 2477
FP = 167
FN = 360
ACCURACY = 0.840544629349
PRECISION = 0.643162393162
RECALL = 0.45537065053
F-MEASURE = 0.533215234721

GENRE: Axé
TP = 410
TN = 2497
FP = 147
FN = 251
ACCURACY = 0.879576399395
PRECISION = 0.736086175943
RECALL = 0.620272314675
F-MEASURE = 0.673234811166

GENRE: Funk Carioca
TP = 506
TN = 2575
FP = 69
FN = 155
ACCURACY = 0.932223903177
PRECISION = 0.88
RECALL = 0.765506807867
F-MEASURE = 0.818770226537

GENRE: Samba
TP = 323
TN = 2487
FP = 157
FN = 338
ACCURACY = 0.850226928896
PRECISION = 0.672916666667
RECALL = 0.488653555219
F-MEASURE = 0.566170026293

TYPE: macro
TP = 420.0
TN = 2403.0
FP = 241.0
FN = 241.0
ACCURACY = 0.854160363086
PRECISION = 0.677861618583
RECALL = 0.635400907716
F-MEASURE = 0.637047943094

TYPE: micro
TP = 2100.0
TN = 12015.0
FP = 1205.0
FN = 1205.0
ACCURACY = 0.854160363086
PRECISION = 0.635400907716
RECALL = 0.635400907716
F-MEASURE = 0.635400907716

TEST NUMBER 28
STEMMING: False
CASE-FOLDING: False
REMOVE-STOPWORDS: True
CLF = NAIVE BAYES DEFAULT
FEATURE = TF_IDF

GENRE: Sertanejo
TP = 600
TN = 1679
FP = 965
FN = 61
ACCURACY = 0.689561270802
PRECISION = 0.38338658147
RECALL = 0.907715582451
F-MEASURE = 0.539083557951

GENRE: MPB
TP = 208
TN = 2531
FP = 113
FN = 453
ACCURACY = 0.828744326778
PRECISION = 0.647975077882
RECALL = 0.31467473525
F-MEASURE = 0.423625254582

GENRE: Axé
TP = 352
TN = 2501
FP = 143
FN = 309
ACCURACY = 0.863237518911
PRECISION = 0.711111111111
RECALL = 0.532526475038
F-MEASURE = 0.608996539792

GENRE: Funk Carioca
TP = 467
TN = 2570
FP = 74
FN = 194
ACCURACY = 0.918910741301
PRECISION = 0.863216266174
RECALL = 0.706505295008
F-MEASURE = 0.777038269551

GENRE: Samba
TP = 246
TN = 2507
FP = 137
FN = 415
ACCURACY = 0.832980332829
PRECISION = 0.642297650131
RECALL = 0.372163388805
F-MEASURE = 0.471264367816

TYPE: macro
TP = 374.6
TN = 2357.6
FP = 286.4
FN = 286.4
ACCURACY = 0.826686838124
PRECISION = 0.649597337353
RECALL = 0.56671709531
F-MEASURE = 0.564001597939

TYPE: micro
TP = 1873.0
TN = 11788.0
FP = 1432.0
FN = 1432.0
ACCURACY = 0.826686838124
PRECISION = 0.56671709531
RECALL = 0.56671709531
F-MEASURE = 0.56671709531

TEST NUMBER 29
STEMMING: False
CASE-FOLDING: False
REMOVE-STOPWORDS: False
CLF = NAIVE BAYES DEFAULT
FEATURE = BINARY

GENRE: Sertanejo
TP = 575
TN = 1933
FP = 711
FN = 86
ACCURACY = 0.758850226929
PRECISION = 0.447122861586
RECALL = 0.869894099849
F-MEASURE = 0.590652285568

GENRE: MPB
TP = 286
TN = 2497
FP = 147
FN = 375
ACCURACY = 0.842057488654
PRECISION = 0.660508083141
RECALL = 0.432677760968
F-MEASURE = 0.522851919561

GENRE: Axé
TP = 398
TN = 2510
FP = 134
FN = 263
ACCURACY = 0.879878971256
PRECISION = 0.748120300752
RECALL = 0.602118003026
F-MEASURE = 0.667225481978

GENRE: Funk Carioca
TP = 508
TN = 2583
FP = 61
FN = 153
ACCURACY = 0.935249621785
PRECISION = 0.892794376098
RECALL = 0.768532526475
F-MEASURE = 0.826016260163

GENRE: Samba
TP = 319
TN = 2478
FP = 166
FN = 342
ACCURACY = 0.846293494705
PRECISION = 0.657731958763
RECALL = 0.482602118003
F-MEASURE = 0.556719022688

TYPE: macro
TP = 417.2
TN = 2400.2
FP = 243.8
FN = 243.8
ACCURACY = 0.852465960666
PRECISION = 0.681255516068
RECALL = 0.631164901664
F-MEASURE = 0.632692993991

TYPE: micro
TP = 2086.0
TN = 12001.0
FP = 1219.0
FN = 1219.0
ACCURACY = 0.852465960666
PRECISION = 0.631164901664
RECALL = 0.631164901664
F-MEASURE = 0.631164901664

TEST NUMBER 30
STEMMING: False
CASE-FOLDING: False
REMOVE-STOPWORDS: False
CLF = NAIVE BAYES DEFAULT
FEATURE = TF

GENRE: Sertanejo
TP = 556
TN = 1972
FP = 672
FN = 105
ACCURACY = 0.764901664145
PRECISION = 0.452768729642
RECALL = 0.841149773071
F-MEASURE = 0.588671254632

GENRE: MPB
TP = 312
TN = 2452
FP = 192
FN = 349
ACCURACY = 0.836308623298
PRECISION = 0.619047619048
RECALL = 0.472012102874
F-MEASURE = 0.535622317597

GENRE: Axé
TP = 383
TN = 2511
FP = 133
FN = 278
ACCURACY = 0.875642965204
PRECISION = 0.742248062016
RECALL = 0.579425113464
F-MEASURE = 0.650807136788

GENRE: Funk Carioca
TP = 490
TN = 2570
FP = 74
FN = 171
ACCURACY = 0.9258698941
PRECISION = 0.868794326241
RECALL = 0.741301059002
F-MEASURE = 0.8

GENRE: Samba
TP = 317
TN = 2468
FP = 176
FN = 344
ACCURACY = 0.842662632375
PRECISION = 0.643002028398
RECALL = 0.479576399395
F-MEASURE = 0.549393414211

TYPE: macro
TP = 411.6
TN = 2394.6
FP = 249.4
FN = 249.4
ACCURACY = 0.849077155825
PRECISION = 0.665172153069
RECALL = 0.622692889561
F-MEASURE = 0.624898824646

TYPE: micro
TP = 2058.0
TN = 11973.0
FP = 1247.0
FN = 1247.0
ACCURACY = 0.849077155825
PRECISION = 0.622692889561
RECALL = 0.622692889561
F-MEASURE = 0.622692889561

TEST NUMBER 31
STEMMING: False
CASE-FOLDING: False
REMOVE-STOPWORDS: False
CLF = NAIVE BAYES DEFAULT
FEATURE = LOG_TF

GENRE: Sertanejo
TP = 563
TN = 1954
FP = 690
FN = 98
ACCURACY = 0.761573373676
PRECISION = 0.449321628093
RECALL = 0.8517397882
F-MEASURE = 0.588296760711

GENRE: MPB
TP = 301
TN = 2478
FP = 166
FN = 360
ACCURACY = 0.84084720121
PRECISION = 0.644539614561
RECALL = 0.45537065053
F-MEASURE = 0.533687943262

GENRE: Axé
TP = 401
TN = 2516
FP = 128
FN = 260
ACCURACY = 0.882602118003
PRECISION = 0.758034026465
RECALL = 0.606656580938
F-MEASURE = 0.673949579832

GENRE: Funk Carioca
TP = 508
TN = 2580
FP = 64
FN = 153
ACCURACY = 0.934341906203
PRECISION = 0.888111888112
RECALL = 0.768532526475
F-MEASURE = 0.82400648824

GENRE: Samba
TP = 318
TN = 2478
FP = 166
FN = 343
ACCURACY = 0.845990922844
PRECISION = 0.657024793388
RECALL = 0.481089258699
F-MEASURE = 0.555458515284

TYPE: macro
TP = 418.2
TN = 2401.2
FP = 242.8
FN = 242.8
ACCURACY = 0.853071104387
PRECISION = 0.679406390124
RECALL = 0.632677760968
F-MEASURE = 0.635079857466

TYPE: micro
TP = 2091.0
TN = 12006.0
FP = 1214.0
FN = 1214.0
ACCURACY = 0.853071104387
PRECISION = 0.632677760968
RECALL = 0.632677760968
F-MEASURE = 0.632677760968

TEST NUMBER 32
STEMMING: False
CASE-FOLDING: False
REMOVE-STOPWORDS: False
CLF = NAIVE BAYES DEFAULT
FEATURE = TF_IDF

GENRE: Sertanejo
TP = 614
TN = 1553
FP = 1091
FN = 47
ACCURACY = 0.65567322239
PRECISION = 0.360117302053
RECALL = 0.928895612708
F-MEASURE = 0.519019442096

GENRE: MPB
TP = 195
TN = 2555
FP = 89
FN = 466
ACCURACY = 0.832072617247
PRECISION = 0.68661971831
RECALL = 0.295007564297
F-MEASURE = 0.412698412698

GENRE: Axé
TP = 327
TN = 2541
FP = 103
FN = 334
ACCURACY = 0.867776096823
PRECISION = 0.760465116279
RECALL = 0.494704992436
F-MEASURE = 0.59945004583

GENRE: Funk Carioca
TP = 457
TN = 2570
FP = 74
FN = 204
ACCURACY = 0.915885022693
PRECISION = 0.860640301318
RECALL = 0.691376701967
F-MEASURE = 0.76677852349

GENRE: Samba
TP = 225
TN = 2514
FP = 130
FN = 436
ACCURACY = 0.828744326778
PRECISION = 0.633802816901
RECALL = 0.340393343419
F-MEASURE = 0.442913385827

TYPE: macro
TP = 363.6
TN = 2346.6
FP = 297.4
FN = 297.4
ACCURACY = 0.820030257186
PRECISION = 0.660329050972
RECALL = 0.550075642965
F-MEASURE = 0.548171961988

TYPE: micro
TP = 1818.0
TN = 11733.0
FP = 1487.0
FN = 1487.0
ACCURACY = 0.820030257186
PRECISION = 0.550075642965
RECALL = 0.550075642965
F-MEASURE = 0.550075642965

